<?xml version="1.0" encoding="UTF-8"?>
<!-- Generated by org.testng.reporters.JUnitReportReporter -->
<testsuite hostname="DESKTOP-BLG66ED" failures="0" tests="2" name="basic.Day1" time="0.013" errors="0" timestamp="2021-09-01T12:01:53 IST" skipped="0">
  <testcase classname="basic.Day1" name="tc3" time="0.009"/>
  <system-out/>
  <testcase classname="basic.Day1" name="tc4" time="0.004"/>
  <system-out/>
</testsuite> <!-- basic.Day1 -->
