<?xml version="1.0" encoding="UTF-8"?>
<!-- Generated by org.testng.reporters.JUnitReportReporter -->
<testsuite hostname="DESKTOP-BLG66ED" failures="0" tests="5" name="basic.TestngAddactin" time="0.022" errors="0" timestamp="2021-08-31T11:49:16 IST" skipped="0">
  <testcase classname="basic.TestngAddactin" name="tc2" time="0.011"/>
  <system-out/>
  <testcase classname="basic.TestngAddactin" name="tc4" time="0.003"/>
  <system-out/>
  <testcase classname="basic.TestngAddactin" name="tc1" time="0.003"/>
  <system-out/>
  <testcase classname="basic.TestngAddactin" name="tc0" time="0.003"/>
  <system-out/>
  <testcase classname="basic.TestngAddactin" name="tc3" time="0.002"/>
  <system-out/>
</testsuite> <!-- basic.TestngAddactin -->
